::1 - GET /api/employee HTTP/1.1 404 1505 - 2.357 ms USER_AGENT: PostmanRuntime/7.29.0 TOTAL_TIME: 3.923 ms    DATE: Mon, 08 Aug 2022 08:26:48 GMT
::1 - GET /api/employee HTTP/1.1 404 1505 - 1.074 ms USER_AGENT: PostmanRuntime/7.29.0 TOTAL_TIME: 2.182 ms    DATE: Mon, 08 Aug 2022 08:28:05 GMT
::1 - GET /api/employee HTTP/1.1 404 1505 - 0.280 ms USER_AGENT: PostmanRuntime/7.29.0 TOTAL_TIME: 0.533 ms    DATE: Mon, 08 Aug 2022 08:28:08 GMT
::1 - GET /api/create-employee HTTP/1.1 404 1541 - 0.881 ms USER_AGENT: PostmanRuntime/7.29.0 TOTAL_TIME: 2.009 ms    DATE: Mon, 08 Aug 2022 08:28:54 GMT
::1 - GET /api/create-employee HTTP/1.1 404 1541 - 1.656 ms USER_AGENT: PostmanRuntime/7.29.0 TOTAL_TIME: 2.916 ms    DATE: Mon, 08 Aug 2022 08:28:55 GMT
::1 - GET /api/employee/create-employee HTTP/1.1 404 1537 - 1.687 ms USER_AGENT: PostmanRuntime/7.29.0 TOTAL_TIME: 2.302 ms    DATE: Mon, 08 Aug 2022 08:29:19 GMT
::1 - GET /api/employee/test HTTP/1.1 200 18 - 0.622 ms USER_AGENT: PostmanRuntime/7.29.0 TOTAL_TIME: 0.942 ms    DATE: Mon, 08 Aug 2022 08:29:48 GMT
::1 - GET /api/employee/test HTTP/1.1 200 18 - 0.851 ms USER_AGENT: PostmanRuntime/7.29.0 TOTAL_TIME: 2.494 ms    DATE: Mon, 08 Aug 2022 08:31:38 GMT
::1 - GET /api/employee/create HTTP/1.1 404 1519 - 1.750 ms USER_AGENT: PostmanRuntime/7.29.0 TOTAL_TIME: 2.685 ms    DATE: Mon, 08 Aug 2022 08:31:45 GMT
::1 - GET /api/employee/create HTTP/1.1 404 1519 - 1.133 ms USER_AGENT: PostmanRuntime/7.29.0 TOTAL_TIME: 2.527 ms    DATE: Mon, 08 Aug 2022 08:33:09 GMT
::1 - GET /api/employee/create HTTP/1.1 404 1519 - 0.307 ms USER_AGENT: PostmanRuntime/7.29.0 TOTAL_TIME: 0.585 ms    DATE: Mon, 08 Aug 2022 08:33:11 GMT
::1 - GET /api/employee/test%60 HTTP/1.1 404 1521 - 0.586 ms USER_AGENT: PostmanRuntime/7.29.0 TOTAL_TIME: 1.106 ms    DATE: Mon, 08 Aug 2022 08:33:21 GMT
::1 - GET /api/employee/test HTTP/1.1 200 18 - 0.658 ms USER_AGENT: PostmanRuntime/7.29.0 TOTAL_TIME: 1.341 ms    DATE: Mon, 08 Aug 2022 08:33:22 GMT
::1 - GET /api/employee/create HTTP/1.1 404 1519 - 0.571 ms USER_AGENT: PostmanRuntime/7.29.0 TOTAL_TIME: 1.250 ms    DATE: Mon, 08 Aug 2022 08:33:27 GMT
::1 - GET /api/employee/create HTTP/1.1 404 1519 - 0.669 ms USER_AGENT: PostmanRuntime/7.29.0 TOTAL_TIME: 4.169 ms    DATE: Mon, 08 Aug 2022 08:34:36 GMT
::1 - GET /api/employee/create HTTP/1.1 404 1519 - 0.368 ms USER_AGENT: PostmanRuntime/7.29.0 TOTAL_TIME: 1.197 ms    DATE: Mon, 08 Aug 2022 08:34:37 GMT
::1 - GET /api/employee/create HTTP/1.1 404 1519 - 1.001 ms USER_AGENT: PostmanRuntime/7.29.0 TOTAL_TIME: 2.112 ms    DATE: Mon, 08 Aug 2022 08:36:09 GMT
::1 - GET /api/employee/create HTTP/1.1 404 1519 - 1.061 ms USER_AGENT: PostmanRuntime/7.29.0 TOTAL_TIME: 2.696 ms    DATE: Mon, 08 Aug 2022 08:37:33 GMT
::1 - GET /api/employee/create HTTP/1.1 404 1519 - 0.870 ms USER_AGENT: PostmanRuntime/7.29.0 TOTAL_TIME: 1.811 ms    DATE: Mon, 08 Aug 2022 08:37:41 GMT
::1 - GET /api/employee/create HTTP/1.1 404 158 - 7.783 ms USER_AGENT: PostmanRuntime/7.29.0 TOTAL_TIME: 11.101 ms    DATE: Mon, 08 Aug 2022 08:37:52 GMT
::1 - POST /api/employee/create HTTP/1.1 500 1518 - 5.295 ms USER_AGENT: PostmanRuntime/7.29.0 TOTAL_TIME: 7.130 ms    DATE: Mon, 08 Aug 2022 08:54:40 GMT
::1 - POST /api/employee/create HTTP/1.1 500 5418 - 20.126 ms USER_AGENT: PostmanRuntime/7.29.0 TOTAL_TIME: 21.504 ms    DATE: Mon, 08 Aug 2022 08:57:01 GMT
::1 - POST /api/employee/create HTTP/1.1 500 1429 - 5.994 ms USER_AGENT: PostmanRuntime/7.29.0 TOTAL_TIME: 7.083 ms    DATE: Mon, 08 Aug 2022 08:57:54 GMT
::1 - POST /api/employee/create HTTP/1.1 500 1429 - 3.700 ms USER_AGENT: PostmanRuntime/7.29.0 TOTAL_TIME: 4.285 ms    DATE: Mon, 08 Aug 2022 08:57:59 GMT
::1 - POST /api/employee/create HTTP/1.1 201 216 - 122.335 ms USER_AGENT: PostmanRuntime/7.29.0 TOTAL_TIME: 131.687 ms    DATE: Mon, 08 Aug 2022 08:58:34 GMT
::1 - POST /api/employee/create HTTP/1.1 500 1610 - 57.510 ms USER_AGENT: PostmanRuntime/7.29.0 TOTAL_TIME: 58.915 ms    DATE: Mon, 08 Aug 2022 08:59:12 GMT
::1 - POST /api/employee/create HTTP/1.1 500 1610 - 47.643 ms USER_AGENT: PostmanRuntime/7.29.0 TOTAL_TIME: 49.289 ms    DATE: Mon, 08 Aug 2022 09:00:15 GMT
::1 - POST /api/employee/create HTTP/1.1 201 225 - 98.114 ms USER_AGENT: PostmanRuntime/7.29.0 TOTAL_TIME: 101.458 ms    DATE: Mon, 08 Aug 2022 09:00:30 GMT
::1 - POST /api/employee/create HTTP/1.1 201 225 - 101.098 ms USER_AGENT: PostmanRuntime/7.29.0 TOTAL_TIME: 105.208 ms    DATE: Mon, 08 Aug 2022 09:04:27 GMT
::1 - POST /api/employee/create HTTP/1.1 500 1618 - 235.740 ms USER_AGENT: PostmanRuntime/7.29.0 TOTAL_TIME: 236.594 ms    DATE: Mon, 08 Aug 2022 09:18:23 GMT
::1 - POST /api/employee/create HTTP/1.1 201 225 - 106.454 ms USER_AGENT: PostmanRuntime/7.29.0 TOTAL_TIME: 111.608 ms    DATE: Mon, 08 Aug 2022 09:28:55 GMT
::1 - POST /api/employee/create HTTP/1.1 500 1620 - 51.063 ms USER_AGENT: PostmanRuntime/7.29.0 TOTAL_TIME: 54.491 ms    DATE: Mon, 08 Aug 2022 09:31:42 GMT
::1 - POST /api/employee/create HTTP/1.1 500 1620 - 49.942 ms USER_AGENT: PostmanRuntime/7.29.0 TOTAL_TIME: 53.010 ms    DATE: Mon, 08 Aug 2022 09:33:29 GMT
::1 - POST /api/employee/create HTTP/1.1 500 1620 - 46.979 ms USER_AGENT: PostmanRuntime/7.29.0 TOTAL_TIME: 48.777 ms    DATE: Mon, 08 Aug 2022 09:33:54 GMT
::1 - POST /api/employee/create HTTP/1.1 500 1620 - 42.539 ms USER_AGENT: PostmanRuntime/7.29.0 TOTAL_TIME: 43.083 ms    DATE: Mon, 08 Aug 2022 09:33:55 GMT
::1 - POST /api/employee/create HTTP/1.1 500 2071 - 5.529 ms USER_AGENT: PostmanRuntime/7.29.0 TOTAL_TIME: 6.528 ms    DATE: Mon, 08 Aug 2022 09:38:13 GMT
::1 - POST /api/employee/create HTTP/1.1 500 1662 - 42.175 ms USER_AGENT: PostmanRuntime/7.29.0 TOTAL_TIME: 43.158 ms    DATE: Mon, 08 Aug 2022 09:38:57 GMT
::1 - POST /api/employee/create HTTP/1.1 201 390 - 102.665 ms USER_AGENT: PostmanRuntime/7.29.0 TOTAL_TIME: 106.432 ms    DATE: Mon, 08 Aug 2022 09:39:21 GMT
::1 - POST /api/employee/create HTTP/1.1 500 1684 - 49.829 ms USER_AGENT: PostmanRuntime/7.29.0 TOTAL_TIME: 54.571 ms    DATE: Mon, 08 Aug 2022 09:43:32 GMT
::1 - POST /api/employee/create HTTP/1.1 201 523 - 75.598 ms USER_AGENT: PostmanRuntime/7.29.0 TOTAL_TIME: 75.819 ms    DATE: Mon, 08 Aug 2022 09:44:00 GMT
::1 - POST /api/employee/create HTTP/1.1 500 1684 - 51.104 ms USER_AGENT: PostmanRuntime/7.29.0 TOTAL_TIME: 57.042 ms    DATE: Mon, 08 Aug 2022 09:49:24 GMT
::1 - POST /api/employee/create HTTP/1.1 201 523 - 115.604 ms USER_AGENT: PostmanRuntime/7.29.0 TOTAL_TIME: 117.109 ms    DATE: Mon, 08 Aug 2022 09:49:34 GMT
::1 - POST /api/employee/create HTTP/1.1 500 1684 - 42.269 ms USER_AGENT: PostmanRuntime/7.29.0 TOTAL_TIME: 43.405 ms    DATE: Mon, 08 Aug 2022 09:58:05 GMT
::1 - POST /api/employee/create HTTP/1.1 201 523 - 72.971 ms USER_AGENT: PostmanRuntime/7.29.0 TOTAL_TIME: 73.326 ms    DATE: Mon, 08 Aug 2022 09:58:13 GMT
::1 - POST /api/employee/create HTTP/1.1 500 1684 - 33.813 ms USER_AGENT: PostmanRuntime/7.29.0 TOTAL_TIME: 34.044 ms    DATE: Mon, 08 Aug 2022 09:58:14 GMT
::1 - POST /api/employee/create HTTP/1.1 201 523 - 80.582 ms USER_AGENT: PostmanRuntime/7.29.0 TOTAL_TIME: 82.404 ms    DATE: Mon, 08 Aug 2022 09:58:22 GMT
::1 - POST /api/employee/test HTTP/1.1 404 157 - 1.029 ms USER_AGENT: PostmanRuntime/7.29.2 TOTAL_TIME: 2.679 ms    DATE: Tue, 09 Aug 2022 04:49:09 GMT
::1 - GET /api/employee/create HTTP/1.1 404 158 - 1.913 ms USER_AGENT: PostmanRuntime/7.29.2 TOTAL_TIME: 2.458 ms    DATE: Tue, 09 Aug 2022 04:49:21 GMT
::1 - GET /api/employee/test HTTP/1.1 200 11 - 3.757 ms USER_AGENT: PostmanRuntime/7.29.2 TOTAL_TIME: 4.714 ms    DATE: Tue, 09 Aug 2022 04:49:26 GMT
::1 - POST /api/employee/test HTTP/1.1 404 157 - 1.014 ms USER_AGENT: PostmanRuntime/7.29.2 TOTAL_TIME: 1.438 ms    DATE: Tue, 09 Aug 2022 04:49:41 GMT
::1 - POST /api/employee/create HTTP/1.1 201 523 - 216.642 ms USER_AGENT: PostmanRuntime/7.29.2 TOTAL_TIME: 221.038 ms    DATE: Tue, 09 Aug 2022 04:49:50 GMT
::1 - POST /api/employee/create HTTP/1.1 201 523 - 117.922 ms USER_AGENT: PostmanRuntime/7.29.2 TOTAL_TIME: 122.931 ms    DATE: Tue, 09 Aug 2022 05:51:57 GMT
