::1 - POST /api/employee/create HTTP/1.1 500 1684 - 68.980 ms USER_AGENT: PostmanRuntime/7.29.2 TOTAL_TIME: 70.336 ms    DATE: Thu, 11 Aug 2022 05:27:58 GMT
::1 - POST /api/employee/create HTTP/1.1 201 523 - 92.548 ms USER_AGENT: PostmanRuntime/7.29.2 TOTAL_TIME: 94.511 ms    DATE: Thu, 11 Aug 2022 05:28:42 GMT
::1 - POST /api/employee/create HTTP/1.1 500 1653 - 42.737 ms USER_AGENT: PostmanRuntime/7.29.2 TOTAL_TIME: 43.454 ms    DATE: Thu, 11 Aug 2022 05:28:57 GMT
::1 - POST /api/employee/create HTTP/1.1 201 523 - 119.509 ms USER_AGENT: PostmanRuntime/7.29.2 TOTAL_TIME: 120.239 ms    DATE: Thu, 11 Aug 2022 05:29:03 GMT
::1 - PUT /api/employee/update/62f4938acdc8fd1623146cf3 HTTP/1.1 500 1504 - 3.691 ms USER_AGENT: PostmanRuntime/7.29.2 TOTAL_TIME: 4.505 ms    DATE: Thu, 11 Aug 2022 05:30:08 GMT
::1 - PUT /api/employee/update/62f4938acdc8fd1623146cf3 HTTP/1.1 500 1725 - 2546.033 ms USER_AGENT: PostmanRuntime/7.29.2 TOTAL_TIME: 2550.982 ms    DATE: Thu, 11 Aug 2022 05:32:16 GMT
::1 - PUT /api/employee/update/62f4938acdc8fd1623146cf3 HTTP/1.1 500 1725 - 59.351 ms USER_AGENT: PostmanRuntime/7.29.2 TOTAL_TIME: 60.747 ms    DATE: Thu, 11 Aug 2022 05:33:27 GMT
::1 - PUT /api/employee/update/62f4938acdc8fd1623146cf3 HTTP/1.1 201 523 - 59.426 ms USER_AGENT: PostmanRuntime/7.29.2 TOTAL_TIME: 62.468 ms    DATE: Thu, 11 Aug 2022 05:34:17 GMT
::1 - PUT /api/employee/update/62f4938acdc8fd1623146cf3 HTTP/1.1 201 524 - 51.401 ms USER_AGENT: PostmanRuntime/7.29.2 TOTAL_TIME: 52.099 ms    DATE: Thu, 11 Aug 2022 05:34:33 GMT
::1 - PUT /api/employee/update/62f4938acdc8fd1623146cf3 HTTP/1.1 201 535 - 276.429 ms USER_AGENT: PostmanRuntime/7.29.2 TOTAL_TIME: 277.224 ms    DATE: Thu, 11 Aug 2022 05:53:55 GMT
::1 - PUT /api/employee/get/?lastName=Opoku HTTP/1.1 404 156 - 2.076 ms USER_AGENT: PostmanRuntime/7.29.2 TOTAL_TIME: 4.639 ms    DATE: Thu, 11 Aug 2022 05:57:02 GMT
::1 - GET /api/employee/get/?lastName=Opoku HTTP/1.1 201 1033 - 144.454 ms USER_AGENT: PostmanRuntime/7.29.2 TOTAL_TIME: 146.153 ms    DATE: Thu, 11 Aug 2022 05:57:10 GMT
::1 - GET /api/employee/get/?lastName=Opoku&employeeCode=1 HTTP/1.1 201 537 - 121.570 ms USER_AGENT: PostmanRuntime/7.29.2 TOTAL_TIME: 131.652 ms    DATE: Thu, 11 Aug 2022 05:57:42 GMT
::1 - GET /api/employee/get/?lastName=Opoku&country=india HTTP/1.1 201 1033 - 45.238 ms USER_AGENT: PostmanRuntime/7.29.2 TOTAL_TIME: 46.046 ms    DATE: Thu, 11 Aug 2022 05:58:01 GMT
::1 - POST /api/employee/create HTTP/1.1 500 1654 - 68.433 ms USER_AGENT: PostmanRuntime/7.29.2 TOTAL_TIME: 69.616 ms    DATE: Thu, 11 Aug 2022 05:59:39 GMT
::1 - POST /api/employee/create HTTP/1.1 201 533 - 181.154 ms USER_AGENT: PostmanRuntime/7.29.2 TOTAL_TIME: 181.936 ms    DATE: Thu, 11 Aug 2022 05:59:48 GMT
::1 - PUT /api/employee/create HTTP/1.1 404 158 - 1.052 ms USER_AGENT: PostmanRuntime/7.29.2 TOTAL_TIME: 1.685 ms    DATE: Thu, 11 Aug 2022 06:02:04 GMT
::1 - PUT /api/employee/update/62f4938acdc8fd1623146cf3 HTTP/1.1 201 533 - 76.408 ms USER_AGENT: PostmanRuntime/7.29.2 TOTAL_TIME: 76.933 ms    DATE: Thu, 11 Aug 2022 06:02:23 GMT
::1 - GET /api/employee/get/count/?lastName=Opoku HTTP/1.1 201 29 - 77.862 ms USER_AGENT: PostmanRuntime/7.29.2 TOTAL_TIME: 79.576 ms    DATE: Thu, 11 Aug 2022 06:03:28 GMT
::1 - GET /api/employee/get/count/?lastName=king HTTP/1.1 201 29 - 50.396 ms USER_AGENT: PostmanRuntime/7.29.2 TOTAL_TIME: 51.196 ms    DATE: Thu, 11 Aug 2022 06:04:05 GMT
::1 - PUT /api/employee/update/62f4938acdc8fd1623146cf3/deactivate HTTP/1.1 201 51 - 1.413 ms USER_AGENT: PostmanRuntime/7.29.2 TOTAL_TIME: 1.913 ms    DATE: Thu, 11 Aug 2022 06:05:22 GMT
::1 - PUT /api/employee/update/62f4938acdc8fd1623146cf3/activate HTTP/1.1 201 77 - 7.738 ms USER_AGENT: PostmanRuntime/7.29.2 TOTAL_TIME: 10.195 ms    DATE: Thu, 11 Aug 2022 07:02:13 GMT
::1 - PUT /api/employee/update/62f4938acdc8fd1623146cf3/activate HTTP/1.1 201 78 - 5.052 ms USER_AGENT: PostmanRuntime/7.29.2 TOTAL_TIME: 8.628 ms    DATE: Thu, 11 Aug 2022 07:04:05 GMT
::1 - PUT /api/employee/update/62f4938acdc8fd1623146cf3/activate HTTP/1.1 201 78 - 4.330 ms USER_AGENT: PostmanRuntime/7.29.2 TOTAL_TIME: 5.743 ms    DATE: Thu, 11 Aug 2022 07:04:31 GMT
::1 - PUT /api/employee/update/62f4938acdc8fd1623146cf3/activate HTTP/1.1 500 1461 - 2.658 ms USER_AGENT: PostmanRuntime/7.29.2 TOTAL_TIME: 3.854 ms    DATE: Thu, 11 Aug 2022 07:05:50 GMT
::1 - PUT /api/employee/update/62f4938acdc8fd1623146cf3/activate HTTP/1.1 201 78 - 8.559 ms USER_AGENT: PostmanRuntime/7.29.2 TOTAL_TIME: 10.391 ms    DATE: Thu, 11 Aug 2022 07:06:58 GMT
::1 - PUT /api/employee/update/62f4938acdc8fd1623146cf3/activate HTTP/1.1 201 78 - 6.258 ms USER_AGENT: PostmanRuntime/7.29.2 TOTAL_TIME: 7.899 ms    DATE: Thu, 11 Aug 2022 07:08:21 GMT
::1 - PUT /api/employee/update/62f4938acdc8fd1623146cf3/activate HTTP/1.1 201 78 - 16.041 ms USER_AGENT: PostmanRuntime/7.29.2 TOTAL_TIME: 20.333 ms    DATE: Thu, 11 Aug 2022 07:09:29 GMT
::1 - POST /api/employee/create HTTP/1.1 201 572 - 137.903 ms USER_AGENT: PostmanRuntime/7.29.2 TOTAL_TIME: 139.558 ms    DATE: Thu, 11 Aug 2022 07:10:07 GMT
::1 - POST /api/employee/create HTTP/1.1 201 550 - 163.992 ms USER_AGENT: PostmanRuntime/7.29.2 TOTAL_TIME: 171.905 ms    DATE: Thu, 11 Aug 2022 07:10:39 GMT
::1 - PUT /api/employee/update/62f4ab6f28dc0abd8024b25a/activate HTTP/1.1 500 1480 - 10.007 ms USER_AGENT: PostmanRuntime/7.29.2 TOTAL_TIME: 12.041 ms    DATE: Thu, 11 Aug 2022 07:12:29 GMT
::1 - PUT /api/employee/update/62f4ab6f28dc0abd8024b25a/activate HTTP/1.1 500 1496 - 3.045 ms USER_AGENT: PostmanRuntime/7.29.2 TOTAL_TIME: 4.560 ms    DATE: Thu, 11 Aug 2022 07:22:00 GMT
::1 - POST /api/employee/create HTTP/1.1 201 550 - 98.670 ms USER_AGENT: PostmanRuntime/7.29.2 TOTAL_TIME: 102.469 ms    DATE: Thu, 11 Aug 2022 07:37:29 GMT
::1 - PUT /api/employee/update/62f4b1b95a1e7cc56f582382/activate HTTP/1.1 201 592 - 62.015 ms USER_AGENT: PostmanRuntime/7.29.2 TOTAL_TIME: 62.785 ms    DATE: Thu, 11 Aug 2022 07:37:39 GMT
::1 - PUT /api/employee/update/62f4b1b95a1e7cc56f582382/activate HTTP/1.1 201 599 - 44.505 ms USER_AGENT: PostmanRuntime/7.29.2 TOTAL_TIME: 45.604 ms    DATE: Thu, 11 Aug 2022 07:37:58 GMT
::1 - PUT /api/employee/update/62f4b1b95a1e7cc56f582382/deactivate HTTP/1.1 201 623 - 41.096 ms USER_AGENT: PostmanRuntime/7.29.2 TOTAL_TIME: 41.966 ms    DATE: Thu, 11 Aug 2022 07:38:08 GMT
